<?xml version="1.0" encoding="UTF-8"?>
<testng-results ignored="0" total="1" passed="1" failed="0" skipped="0">
  <reporter-output>
  </reporter-output>
  <suite started-at="2023-01-20T17:53:29 IST" name="Default suite" finished-at="2023-01-20T17:53:29 IST" duration-ms="39">
    <groups>
    </groups>
    <test started-at="2023-01-20T17:53:29 IST" name="Default test" finished-at="2023-01-20T17:53:29 IST" duration-ms="39">
      <class name="Practice.Update_Test">
        <test-method signature="update()[pri:0, instance:Practice.Update_Test@212b5695]" started-at="2023-01-20T17:53:29 IST" name="update" finished-at="2023-01-20T17:53:29 IST" duration-ms="6" status="PASS">
          <reporter-output>
          </reporter-output>
        </test-method> <!-- update -->
      </class> <!-- Practice.Update_Test -->
    </test> <!-- Default test -->
  </suite> <!-- Default suite -->
</testng-results>
